<?xml version="1.0" encoding="UTF-8"?>
<!-- Generated by org.testng.reporters.JUnitXMLReporter -->
<testsuite ignored="0" hostname="DESKTOP-V235CD1" failures="0" tests="3" name="Default test" time="17.654" errors="0" timestamp="2025-04-05T22:01:10 GMT+03:00">
  <testcase classname="test10.StudentTableTest" name="printPassColumnValues" time="5.265"/>
  <testcase classname="test10.StudentTableTest" name="printPassValuesAndRowsWithYes" time="5.263"/>
  <testcase classname="test10.StudentTableTest" name="printRowsWherePassIsYes" time="5.2"/>
</testsuite> <!-- Default test -->
